<?xml version="1.0" encoding="UTF-8"?>
<testsuite xmlns:xsi="http://www.w3.org/2001/XMLSchema-instance" xsi:noNamespaceSchemaLocation="https://maven.apache.org/surefire/maven-surefire-plugin/xsd/surefire-test-report.xsd" name="com.tweetApp.FSE.Test.TweetServiceImplTest" time="0.475" tests="5" errors="0" skipped="0" failures="0">
  <properties>
[...]
</properties>
  <testcase name="deleteTweetPositiveTest" classname="com.tweetApp.FSE.Test.TweetServiceImplTest" time="0.393"/>
  <testcase name="postReplyPositiveTest" classname="com.tweetApp.FSE.Test.TweetServiceImplTest" time="0.054"/>
  <testcase name="postTweetElseTest" classname="com.tweetApp.FSE.Test.TweetServiceImplTest" time="0.011"/>
  <testcase name="getAllTweetsPostiveTest" classname="com.tweetApp.FSE.Test.TweetServiceImplTest" time="0.005"/>
  <testcase name="postTweetPositiveTest" classname="com.tweetApp.FSE.Test.TweetServiceImplTest" time="0.004"/>
</testsuite>